reading tree
building model
frequencies
0.0358200174416 0.0
0.0612320981159 0.0358200174416
0.0152153264694 0.0970521155575
0.073073074747 0.112267442027
0.0438156168855 0.185340516774
0.0938669011148 0.229156133659
0.0842961548692 0.323023034774
0.0288734381918 0.407319189643
0.0843300963866 0.436192627835
0.0277805551468 0.520522724222
0.00293632189172 0.548303279368
0.010030823509 0.55123960126
0.00693232673889 0.561270424769
0.0855755031314 0.568202751508
0.0934482228891 0.653778254639
0.0291917752477 0.747226477529
0.0647958881524 0.776418252776
0.00162281067982 0.841214140929
0.0927247593569 0.842836951608
0.0248166354945 0.935561710965
[ 0.03582002  0.0612321   0.01521533  0.07307307  0.04381562  0.0938669
  0.08429615  0.02887344  0.0843301   0.02778056  0.00293632  0.01003082
  0.00693233  0.0855755   0.09344822  0.02919178  0.06479589  0.00162281
  0.09272476  0.03962165]
[ 0.  0.  0.  0.  0.  0.  0.  0.  0.  0.  0.  0.  0.  0.  0.  0.  0.  0.
  0.  0.  0.  0.  0.  0.  0.  0.  0.  0.  0.  0.  0.  0.  0.  0.  0.  0.
  0.  0.  0.  0.  0.  0.  0.  0.  0.  0.  0.  0.  0.  0.  0.  0.  0.  0.
  0.  0.  0.  0.  0.  0.  0.]
