/Users/sjspielman/structural_prediction_of_ER/FINAL_evolutionary_rates/alignments/nucleotide/aln_nuc_H1N1_HA.fasta
reading tree
constructing models for 10 partitions
[ 0.          0.          0.          0.          0.06105175  0.06105175
  0.06105175  0.06105175  0.          0.          0.          0.          0.
  0.          0.          0.          0.          0.          0.          0.
  0.          0.          0.          0.          0.          0.          0.
  0.          0.          0.          0.          0.          0.          0.
  0.          0.          0.08530355  0.08530355  0.08530355  0.08530355
  0.05696778  0.05696778  0.05696778  0.05696778  0.          0.          0.
  0.          0.          0.          0.          0.          0.          0.
  0.09335385  0.          0.09335385  0.          0.          0.          0.        ]
[ 0.          0.          0.          0.          0.06105175  0.06105175
  0.06105175  0.06105175  0.          0.          0.          0.          0.
  0.          0.          0.          0.          0.          0.          0.
  0.          0.          0.          0.          0.          0.          0.
  0.          0.          0.          0.          0.          0.          0.
  0.          0.          0.08530355  0.08530355  0.08530355  0.08530355
  0.05696778  0.05696778  0.05696778  0.05696778  0.          0.          0.
  0.          0.          0.          0.          0.          0.          0.
  0.09335385  0.          0.09335385  0.          0.          0.          0.        ]
[ 0.          0.          0.          0.          0.06105175  0.06105175
  0.06105175  0.06105175  0.          0.          0.          0.          0.
  0.          0.          0.          0.          0.          0.          0.
  0.          0.          0.          0.          0.          0.          0.
  0.          0.          0.          0.          0.          0.          0.
  0.          0.          0.08530355  0.08530355  0.08530355  0.08530355
  0.05696778  0.05696778  0.05696778  0.05696778  0.          0.          0.
  0.          0.          0.          0.          0.          0.          0.
  0.09335385  0.          0.09335385  0.          0.          0.          0.        ]
[ 0.          0.          0.          0.          0.06105175  0.06105175
  0.06105175  0.06105175  0.          0.          0.          0.          0.
  0.          0.          0.          0.          0.          0.          0.
  0.          0.          0.          0.          0.          0.          0.
  0.          0.          0.          0.          0.          0.          0.
  0.          0.          0.08530355  0.08530355  0.08530355  0.08530355
  0.05696778  0.05696778  0.05696778  0.05696778  0.          0.          0.
  0.          0.          0.          0.          0.          0.          0.
  0.09335385  0.          0.09335385  0.          0.          0.          0.        ]
[ 0.          0.          0.          0.          0.06105175  0.06105175
  0.06105175  0.06105175  0.          0.          0.          0.          0.
  0.          0.          0.          0.          0.          0.          0.
  0.          0.          0.          0.          0.          0.          0.
  0.          0.          0.          0.          0.          0.          0.
  0.          0.          0.08530355  0.08530355  0.08530355  0.08530355
  0.05696778  0.05696778  0.05696778  0.05696778  0.          0.          0.
  0.          0.          0.          0.          0.          0.          0.
  0.09335385  0.          0.09335385  0.          0.          0.          0.        ]
[ 0.          0.          0.          0.          0.06105175  0.06105175
  0.06105175  0.06105175  0.          0.          0.          0.          0.
  0.          0.          0.          0.          0.          0.          0.
  0.          0.          0.          0.          0.          0.          0.
  0.          0.          0.          0.          0.          0.          0.
  0.          0.          0.08530355  0.08530355  0.08530355  0.08530355
  0.05696778  0.05696778  0.05696778  0.05696778  0.          0.          0.
  0.          0.          0.          0.          0.          0.          0.
  0.09335385  0.          0.09335385  0.          0.          0.          0.        ]
[ 0.          0.          0.          0.          0.06105175  0.06105175
  0.06105175  0.06105175  0.          0.          0.          0.          0.
  0.          0.          0.          0.          0.          0.          0.
  0.          0.          0.          0.          0.          0.          0.
  0.          0.          0.          0.          0.          0.          0.
  0.          0.          0.08530355  0.08530355  0.08530355  0.08530355
  0.05696778  0.05696778  0.05696778  0.05696778  0.          0.          0.
  0.          0.          0.          0.          0.          0.          0.
  0.09335385  0.          0.09335385  0.          0.          0.          0.        ]
[ 0.          0.          0.          0.          0.06105175  0.06105175
  0.06105175  0.06105175  0.          0.          0.          0.          0.
  0.          0.          0.          0.          0.          0.          0.
  0.          0.          0.          0.          0.          0.          0.
  0.          0.          0.          0.          0.          0.          0.
  0.          0.          0.08530355  0.08530355  0.08530355  0.08530355
  0.05696778  0.05696778  0.05696778  0.05696778  0.          0.          0.
  0.          0.          0.          0.          0.          0.          0.
  0.09335385  0.          0.09335385  0.          0.          0.          0.        ]
[ 0.          0.          0.          0.          0.06105175  0.06105175
  0.06105175  0.06105175  0.          0.          0.          0.          0.
  0.          0.          0.          0.          0.          0.          0.
  0.          0.          0.          0.          0.          0.          0.
  0.          0.          0.          0.          0.          0.          0.
  0.          0.          0.08530355  0.08530355  0.08530355  0.08530355
  0.05696778  0.05696778  0.05696778  0.05696778  0.          0.          0.
  0.          0.          0.          0.          0.          0.          0.
  0.09335385  0.          0.09335385  0.          0.          0.          0.        ]
[ 0.          0.          0.          0.          0.06105175  0.06105175
  0.06105175  0.06105175  0.          0.          0.          0.          0.
  0.          0.          0.          0.          0.          0.          0.
  0.          0.          0.          0.          0.          0.          0.
  0.          0.          0.          0.          0.          0.          0.
  0.          0.          0.08530355  0.08530355  0.08530355  0.08530355
  0.05696778  0.05696778  0.05696778  0.05696778  0.          0.          0.
  0.          0.          0.          0.          0.          0.          0.
  0.09335385  0.          0.09335385  0.          0.          0.          0.        ]
